2021-01-12 07:38:39 INFO  .:69 - The execution of method loadFiles started here ...
2021-01-12 07:38:39 INFO  .:84 - The execution of method loadFiles ended here ...
2021-01-12 07:38:44 INFO  .:86 - The execution of method navigate started here ...
2021-01-12 07:38:52 INFO  .:98 - The execution of method navigate ended here ...
2021-01-12 07:38:52 INFO  .:166 - In Test Scenario Login the method navigate execution status is :Pass
2021-01-12 07:38:52 INFO  .:32 - The execution of method login started here ...
2021-01-12 07:38:57 INFO  .:50 - The execution of method login ended here ...
2021-01-12 07:38:57 INFO  .:166 - In Test Scenario Login the method login execution status is :Pass
2021-01-12 07:38:58 INFO  .:76 - The execution of method logout started here ...
2021-01-12 07:39:02 INFO  .:88 - The execution of method logout ended here ...
2021-01-12 07:39:02 INFO  .:166 - In Test Scenario Login the method logout execution status is :Pass
2021-01-12 07:39:02 INFO  .:121 - The execution of method closeApplication started here ...
2021-01-12 07:39:03 INFO  .:124 - The execution of method closeApplication ended here ...
2021-01-12 07:39:03 INFO  .:166 - In Test Scenario Login the method closeApplication execution status is :Pass
2021-01-12 07:39:03 INFO  .:180 - +++++++++++++++++++++++++++++++
2021-01-12 07:39:07 INFO  .:86 - The execution of method navigate started here ...
2021-01-12 07:39:14 INFO  .:98 - The execution of method navigate ended here ...
2021-01-12 07:39:14 INFO  .:166 - In Test Scenario CreateUser the method navigate execution status is :Pass
2021-01-12 07:39:14 INFO  .:32 - The execution of method login started here ...
2021-01-12 07:39:19 INFO  .:50 - The execution of method login ended here ...
2021-01-12 07:39:19 INFO  .:166 - In Test Scenario CreateUser the method login execution status is :Pass
2021-01-12 07:39:20 INFO  .:32 - The execution of method createUser started here ...
2021-01-12 07:39:32 INFO  .:62 - The execution of method createUser ended here ...
2021-01-12 07:39:32 INFO  .:166 - In Test Scenario CreateUser the method createUser execution status is :Pass
2021-01-12 07:39:32 INFO  .:133 - The execution of method deleteUser started here ...
2021-01-12 07:39:41 INFO  .:149 - The execution of method deleteUser ended here ...
2021-01-12 07:39:41 INFO  .:166 - In Test Scenario CreateUser the method deleteUser execution status is :Pass
2021-01-12 07:39:41 INFO  .:76 - The execution of method logout started here ...
2021-01-12 07:39:46 INFO  .:88 - The execution of method logout ended here ...
2021-01-12 07:39:46 INFO  .:166 - In Test Scenario CreateUser the method logout execution status is :Pass
2021-01-12 07:39:46 INFO  .:121 - The execution of method closeApplication started here ...
2021-01-12 07:39:47 INFO  .:124 - The execution of method closeApplication ended here ...
2021-01-12 07:39:47 INFO  .:166 - In Test Scenario CreateUser the method closeApplication execution status is :Pass
2021-01-12 07:39:47 INFO  .:180 - +++++++++++++++++++++++++++++++
2021-01-12 07:39:51 INFO  .:86 - The execution of method navigate started here ...
2021-01-12 07:39:58 INFO  .:98 - The execution of method navigate ended here ...
2021-01-12 07:39:58 INFO  .:166 - In Test Scenario ModifyUser the method navigate execution status is :Pass
2021-01-12 07:39:58 INFO  .:32 - The execution of method login started here ...
2021-01-12 07:40:03 INFO  .:50 - The execution of method login ended here ...
2021-01-12 07:40:03 INFO  .:166 - In Test Scenario ModifyUser the method login execution status is :Pass
2021-01-12 07:40:03 INFO  .:32 - The execution of method createUser started here ...
2021-01-12 07:40:15 INFO  .:62 - The execution of method createUser ended here ...
2021-01-12 07:40:15 INFO  .:166 - In Test Scenario ModifyUser the method createUser execution status is :Pass
2021-01-12 07:40:16 INFO  .:88 - The execution of method modifyUser started here ...
2021-01-12 07:40:25 INFO  .:108 - The execution of method modifyUser ended here ...
2021-01-12 07:40:25 INFO  .:166 - In Test Scenario ModifyUser the method modifyUser execution status is :Fail
2021-01-12 07:40:25 INFO  .:133 - The execution of method deleteUser started here ...
2021-01-12 07:40:35 INFO  .:149 - The execution of method deleteUser ended here ...
2021-01-12 07:40:35 INFO  .:166 - In Test Scenario ModifyUser the method deleteUser execution status is :Pass
2021-01-12 07:40:35 INFO  .:76 - The execution of method logout started here ...
2021-01-12 07:40:39 INFO  .:88 - The execution of method logout ended here ...
2021-01-12 07:40:39 INFO  .:166 - In Test Scenario ModifyUser the method logout execution status is :Pass
2021-01-12 07:40:39 INFO  .:121 - The execution of method closeApplication started here ...
2021-01-12 07:40:40 INFO  .:124 - The execution of method closeApplication ended here ...
2021-01-12 07:40:40 INFO  .:166 - In Test Scenario ModifyUser the method closeApplication execution status is :Pass
2021-01-12 07:40:40 INFO  .:180 - +++++++++++++++++++++++++++++++
2021-01-12 07:40:41 INFO  .:180 - +++++++++++++++++++++++++++++++
2021-01-12 07:40:41 INFO  .:180 - +++++++++++++++++++++++++++++++
2021-01-12 07:40:41 INFO  .:180 - +++++++++++++++++++++++++++++++
2021-01-12 07:40:41 INFO  .:180 - +++++++++++++++++++++++++++++++
2021-01-12 07:40:41 INFO  .:183 - The execution of method executeTestScenarios ended here ...
2021-01-12 07:40:41 INFO  .:205 - The execution of method endAutomationSuite ended here ...
2021-01-12 07:40:41 INFO  .:208 - The execution of method endAutomationSuite ended here ...
2021-01-12 08:19:55 INFO  .:69 - The execution of method loadFiles started here ...
2021-01-12 08:19:55 INFO  .:84 - The execution of method loadFiles ended here ...
2021-01-12 08:20:17 INFO  .:86 - The execution of method navigate started here ...
2021-01-12 08:20:27 INFO  .:98 - The execution of method navigate ended here ...
2021-01-12 08:20:27 INFO  .:166 - In Test Scenario Login the method navigate execution status is :Pass
2021-01-12 08:20:27 INFO  .:32 - The execution of method login started here ...
2021-01-12 08:20:35 INFO  .:50 - The execution of method login ended here ...
2021-01-12 08:20:35 INFO  .:166 - In Test Scenario Login the method login execution status is :Pass
2021-01-12 08:20:35 INFO  .:76 - The execution of method logout started here ...
2021-01-12 08:20:39 INFO  .:88 - The execution of method logout ended here ...
2021-01-12 08:20:39 INFO  .:166 - In Test Scenario Login the method logout execution status is :Pass
2021-01-12 08:20:39 INFO  .:121 - The execution of method closeApplication started here ...
2021-01-12 08:20:44 INFO  .:124 - The execution of method closeApplication ended here ...
2021-01-12 08:20:44 INFO  .:166 - In Test Scenario Login the method closeApplication execution status is :Pass
2021-01-12 08:20:44 INFO  .:180 - +++++++++++++++++++++++++++++++
2021-01-12 08:20:51 INFO  .:86 - The execution of method navigate started here ...
2021-01-12 08:20:58 INFO  .:98 - The execution of method navigate ended here ...
2021-01-12 08:20:58 INFO  .:166 - In Test Scenario CreateUser the method navigate execution status is :Pass
2021-01-12 08:20:59 INFO  .:32 - The execution of method login started here ...
2021-01-12 08:21:05 INFO  .:50 - The execution of method login ended here ...
2021-01-12 08:21:05 INFO  .:166 - In Test Scenario CreateUser the method login execution status is :Pass
2021-01-12 08:21:05 INFO  .:32 - The execution of method createUser started here ...
2021-01-12 08:21:19 INFO  .:62 - The execution of method createUser ended here ...
2021-01-12 08:21:19 INFO  .:166 - In Test Scenario CreateUser the method createUser execution status is :Pass
2021-01-12 08:21:19 INFO  .:133 - The execution of method deleteUser started here ...
2021-01-12 08:21:29 INFO  .:149 - The execution of method deleteUser ended here ...
2021-01-12 08:21:29 INFO  .:166 - In Test Scenario CreateUser the method deleteUser execution status is :Pass
2021-01-12 08:21:29 INFO  .:76 - The execution of method logout started here ...
2021-01-12 08:21:33 INFO  .:88 - The execution of method logout ended here ...
2021-01-12 08:21:33 INFO  .:166 - In Test Scenario CreateUser the method logout execution status is :Pass
2021-01-12 08:21:34 INFO  .:121 - The execution of method closeApplication started here ...
2021-01-12 08:21:35 INFO  .:124 - The execution of method closeApplication ended here ...
2021-01-12 08:21:35 INFO  .:166 - In Test Scenario CreateUser the method closeApplication execution status is :Pass
2021-01-12 08:21:35 INFO  .:180 - +++++++++++++++++++++++++++++++
2021-01-12 08:21:41 INFO  .:86 - The execution of method navigate started here ...
2021-01-12 08:21:49 INFO  .:98 - The execution of method navigate ended here ...
2021-01-12 08:21:49 INFO  .:166 - In Test Scenario ModifyUser the method navigate execution status is :Pass
2021-01-12 08:21:49 INFO  .:32 - The execution of method login started here ...
2021-01-12 08:21:55 INFO  .:50 - The execution of method login ended here ...
2021-01-12 08:21:55 INFO  .:166 - In Test Scenario ModifyUser the method login execution status is :Pass
2021-01-12 08:21:55 INFO  .:32 - The execution of method createUser started here ...
2021-01-12 08:22:08 INFO  .:62 - The execution of method createUser ended here ...
2021-01-12 08:22:08 INFO  .:166 - In Test Scenario ModifyUser the method createUser execution status is :Pass
2021-01-12 08:22:08 INFO  .:88 - The execution of method modifyUser started here ...
2021-01-12 08:22:18 INFO  .:108 - The execution of method modifyUser ended here ...
2021-01-12 08:22:18 INFO  .:166 - In Test Scenario ModifyUser the method modifyUser execution status is :Fail
2021-01-12 08:22:18 INFO  .:133 - The execution of method deleteUser started here ...
2021-01-12 08:22:28 INFO  .:149 - The execution of method deleteUser ended here ...
2021-01-12 08:22:28 INFO  .:166 - In Test Scenario ModifyUser the method deleteUser execution status is :Pass
2021-01-12 08:22:28 INFO  .:76 - The execution of method logout started here ...
2021-01-12 08:22:33 INFO  .:88 - The execution of method logout ended here ...
2021-01-12 08:22:33 INFO  .:166 - In Test Scenario ModifyUser the method logout execution status is :Pass
2021-01-12 08:22:33 INFO  .:121 - The execution of method closeApplication started here ...
2021-01-12 08:22:34 INFO  .:124 - The execution of method closeApplication ended here ...
2021-01-12 08:22:34 INFO  .:166 - In Test Scenario ModifyUser the method closeApplication execution status is :Pass
2021-01-12 08:22:34 INFO  .:180 - +++++++++++++++++++++++++++++++
2021-01-12 08:22:35 INFO  .:180 - +++++++++++++++++++++++++++++++
2021-01-12 08:22:35 INFO  .:180 - +++++++++++++++++++++++++++++++
2021-01-12 08:22:35 INFO  .:180 - +++++++++++++++++++++++++++++++
2021-01-12 08:22:35 INFO  .:180 - +++++++++++++++++++++++++++++++
2021-01-12 08:22:35 INFO  .:183 - The execution of method executeTestScenarios ended here ...
2021-01-12 08:22:35 INFO  .:205 - The execution of method endAutomationSuite ended here ...
2021-01-12 08:22:35 INFO  .:208 - The execution of method endAutomationSuite ended here ...
2021-01-12 09:18:22 INFO  .:69 - The execution of method loadFiles started here ...
2021-01-12 09:18:22 INFO  .:84 - The execution of method loadFiles ended here ...
2021-01-12 09:18:31 INFO  .:86 - The execution of method navigate started here ...
2021-01-12 09:18:39 INFO  .:98 - The execution of method navigate ended here ...
2021-01-12 09:18:39 INFO  .:166 - In Test Scenario Login the method navigate execution status is :Pass
2021-01-12 09:18:40 INFO  .:32 - The execution of method login started here ...
2021-01-12 09:18:46 INFO  .:50 - The execution of method login ended here ...
2021-01-12 09:18:46 INFO  .:166 - In Test Scenario Login the method login execution status is :Pass
2021-01-12 09:18:46 INFO  .:76 - The execution of method logout started here ...
2021-01-12 09:18:51 INFO  .:88 - The execution of method logout ended here ...
2021-01-12 09:18:51 INFO  .:166 - In Test Scenario Login the method logout execution status is :Pass
2021-01-12 09:18:51 INFO  .:121 - The execution of method closeApplication started here ...
2021-01-12 09:18:53 INFO  .:124 - The execution of method closeApplication ended here ...
2021-01-12 09:18:53 INFO  .:166 - In Test Scenario Login the method closeApplication execution status is :Pass
2021-01-12 09:18:53 INFO  .:180 - +++++++++++++++++++++++++++++++
2021-01-12 09:18:59 INFO  .:86 - The execution of method navigate started here ...
2021-01-12 09:19:06 INFO  .:98 - The execution of method navigate ended here ...
2021-01-12 09:19:06 INFO  .:166 - In Test Scenario CreateUser the method navigate execution status is :Pass
2021-01-12 09:19:06 INFO  .:32 - The execution of method login started here ...
2021-01-12 09:19:13 INFO  .:50 - The execution of method login ended here ...
2021-01-12 09:19:13 INFO  .:166 - In Test Scenario CreateUser the method login execution status is :Pass
2021-01-12 09:19:13 INFO  .:32 - The execution of method createUser started here ...
2021-01-12 09:19:26 INFO  .:62 - The execution of method createUser ended here ...
2021-01-12 09:19:26 INFO  .:166 - In Test Scenario CreateUser the method createUser execution status is :Pass
2021-01-12 09:19:26 INFO  .:133 - The execution of method deleteUser started here ...
2021-01-12 09:19:35 INFO  .:149 - The execution of method deleteUser ended here ...
2021-01-12 09:19:35 INFO  .:166 - In Test Scenario CreateUser the method deleteUser execution status is :Pass
2021-01-12 09:19:36 INFO  .:76 - The execution of method logout started here ...
2021-01-12 09:19:40 INFO  .:88 - The execution of method logout ended here ...
2021-01-12 09:19:40 INFO  .:166 - In Test Scenario CreateUser the method logout execution status is :Pass
2021-01-12 09:19:40 INFO  .:121 - The execution of method closeApplication started here ...
2021-01-12 09:19:42 INFO  .:124 - The execution of method closeApplication ended here ...
2021-01-12 09:19:42 INFO  .:166 - In Test Scenario CreateUser the method closeApplication execution status is :Pass
2021-01-12 09:19:42 INFO  .:180 - +++++++++++++++++++++++++++++++
2021-01-12 09:19:47 INFO  .:86 - The execution of method navigate started here ...
2021-01-12 09:19:54 INFO  .:98 - The execution of method navigate ended here ...
2021-01-12 09:19:54 INFO  .:166 - In Test Scenario ModifyUser the method navigate execution status is :Pass
2021-01-12 09:19:55 INFO  .:32 - The execution of method login started here ...
2021-01-12 09:20:01 INFO  .:50 - The execution of method login ended here ...
2021-01-12 09:20:01 INFO  .:166 - In Test Scenario ModifyUser the method login execution status is :Pass
2021-01-12 09:20:01 INFO  .:32 - The execution of method createUser started here ...
2021-01-12 09:20:14 INFO  .:62 - The execution of method createUser ended here ...
2021-01-12 09:20:14 INFO  .:166 - In Test Scenario ModifyUser the method createUser execution status is :Pass
2021-01-12 09:20:14 INFO  .:88 - The execution of method modifyUser started here ...
2021-01-12 09:20:24 INFO  .:108 - The execution of method modifyUser ended here ...
2021-01-12 09:20:24 INFO  .:166 - In Test Scenario ModifyUser the method modifyUser execution status is :Fail
2021-01-12 09:20:24 INFO  .:133 - The execution of method deleteUser started here ...
2021-01-12 09:20:34 INFO  .:149 - The execution of method deleteUser ended here ...
2021-01-12 09:20:34 INFO  .:166 - In Test Scenario ModifyUser the method deleteUser execution status is :Pass
2021-01-12 09:20:34 INFO  .:76 - The execution of method logout started here ...
2021-01-12 09:20:39 INFO  .:88 - The execution of method logout ended here ...
2021-01-12 09:20:39 INFO  .:166 - In Test Scenario ModifyUser the method logout execution status is :Pass
2021-01-12 09:20:39 INFO  .:121 - The execution of method closeApplication started here ...
2021-01-12 09:20:41 INFO  .:124 - The execution of method closeApplication ended here ...
2021-01-12 09:20:41 INFO  .:166 - In Test Scenario ModifyUser the method closeApplication execution status is :Pass
2021-01-12 09:20:41 INFO  .:180 - +++++++++++++++++++++++++++++++
2021-01-12 09:20:41 INFO  .:180 - +++++++++++++++++++++++++++++++
2021-01-12 09:20:41 INFO  .:180 - +++++++++++++++++++++++++++++++
2021-01-12 09:20:41 INFO  .:180 - +++++++++++++++++++++++++++++++
2021-01-12 09:20:41 INFO  .:180 - +++++++++++++++++++++++++++++++
2021-01-12 09:20:41 INFO  .:183 - The execution of method executeTestScenarios ended here ...
2021-01-12 09:20:41 INFO  .:205 - The execution of method endAutomationSuite ended here ...
2021-01-12 09:20:41 INFO  .:208 - The execution of method endAutomationSuite ended here ...
2021-01-24 14:19:48 INFO  .:69 - The execution of method loadFiles started here ...
2021-01-24 14:19:48 INFO  .:84 - The execution of method loadFiles ended here ...
2021-01-24 14:20:23 INFO  .:86 - The execution of method navigate started here ...
2021-01-24 14:20:37 INFO  .:98 - The execution of method navigate ended here ...
2021-01-24 14:20:37 INFO  .:166 - In Test Scenario Login the method navigate execution status is :Pass
2021-01-24 14:20:38 INFO  .:32 - The execution of method login started here ...
2021-01-24 14:20:43 INFO  .:50 - The execution of method login ended here ...
2021-01-24 14:20:44 INFO  .:166 - In Test Scenario Login the method login execution status is :Fail
2021-01-24 14:20:44 INFO  .:76 - The execution of method logout started here ...
2021-01-24 14:20:45 ERROR .:91 - there is an exception arised during the execution of the method logout,The Exception :org.openqa.selenium.ElementClickInterceptedException: Element <a id="logoutLink" class="logout" href="/logout.do"> is not clickable at point (1479,17) because another element <div id="preInsertedTransformedMoireId" class="transformedMoireClass"> obscures it
Build info: version: '3.141.59', revision: 'e82be7d358', time: '2018-11-14T08:25:48'
System info: host: 'DESKTOP-FG4NO16', ip: '192.168.0.118', os.name: 'Windows 10', os.arch: 'amd64', os.version: '10.0', java.version: '1.8.0_271'
Driver info: org.openqa.selenium.firefox.FirefoxDriver
Capabilities {acceptInsecureCerts: true, browserName: firefox, browserVersion: 83.0, javascriptEnabled: true, moz:accessibilityChecks: false, moz:buildID: 20201112153044, moz:geckodriverVersion: 0.28.0, moz:headless: false, moz:processID: 13780, moz:profile: C:\temp\rust_mozprofile0nHJgz, moz:shutdownTimeout: 60000, moz:useNonSpecCompliantPointerOrigin: false, moz:webdriverClick: true, pageLoadStrategy: normal, platform: WINDOWS, platformName: WINDOWS, platformVersion: 10.0, rotatable: false, setWindowRect: true, strictFileInteractability: false, timeouts: {implicit: 0, pageLoad: 300000, script: 30000}, unhandledPromptBehavior: dismiss and notify}
Session ID: f066f8ee-3a53-4f1d-8f62-e591f1496b9b
2021-01-24 14:20:45 INFO  .:166 - In Test Scenario Login the method logout execution status is :Fail
2021-01-24 14:20:45 INFO  .:121 - The execution of method closeApplication started here ...
2021-01-24 14:20:49 INFO  .:124 - The execution of method closeApplication ended here ...
2021-01-24 14:20:49 INFO  .:166 - In Test Scenario Login the method closeApplication execution status is :Pass
2021-01-24 14:20:49 INFO  .:180 - +++++++++++++++++++++++++++++++
2021-01-24 14:20:57 INFO  .:86 - The execution of method navigate started here ...
2021-01-24 14:21:05 INFO  .:98 - The execution of method navigate ended here ...
2021-01-24 14:21:05 INFO  .:166 - In Test Scenario CreateUser the method navigate execution status is :Pass
2021-01-24 14:21:05 INFO  .:32 - The execution of method login started here ...
2021-01-24 14:21:12 INFO  .:50 - The execution of method login ended here ...
2021-01-24 14:21:12 INFO  .:166 - In Test Scenario CreateUser the method login execution status is :Pass
2021-01-24 14:21:12 INFO  .:32 - The execution of method createUser started here ...
2021-01-24 14:21:26 INFO  .:62 - The execution of method createUser ended here ...
2021-01-24 14:21:26 INFO  .:166 - In Test Scenario CreateUser the method createUser execution status is :Pass
2021-01-24 14:21:27 INFO  .:133 - The execution of method deleteUser started here ...
2021-01-24 14:21:36 INFO  .:149 - The execution of method deleteUser ended here ...
2021-01-24 14:21:36 INFO  .:166 - In Test Scenario CreateUser the method deleteUser execution status is :Pass
2021-01-24 14:21:36 INFO  .:76 - The execution of method logout started here ...
2021-01-24 14:21:42 INFO  .:88 - The execution of method logout ended here ...
2021-01-24 14:21:42 INFO  .:166 - In Test Scenario CreateUser the method logout execution status is :Pass
2021-01-24 14:21:42 INFO  .:121 - The execution of method closeApplication started here ...
2021-01-24 14:21:44 INFO  .:124 - The execution of method closeApplication ended here ...
2021-01-24 14:21:44 INFO  .:166 - In Test Scenario CreateUser the method closeApplication execution status is :Pass
2021-01-24 14:21:44 INFO  .:180 - +++++++++++++++++++++++++++++++
2021-01-24 14:21:51 INFO  .:86 - The execution of method navigate started here ...
2021-01-24 14:21:59 INFO  .:98 - The execution of method navigate ended here ...
2021-01-24 14:21:59 INFO  .:166 - In Test Scenario ModifyUser the method navigate execution status is :Pass
2021-01-24 14:21:59 INFO  .:32 - The execution of method login started here ...
2021-01-24 14:22:05 INFO  .:50 - The execution of method login ended here ...
2021-01-24 14:22:05 INFO  .:166 - In Test Scenario ModifyUser the method login execution status is :Pass
2021-01-24 14:22:05 INFO  .:32 - The execution of method createUser started here ...
2021-01-24 14:22:19 INFO  .:62 - The execution of method createUser ended here ...
2021-01-24 14:22:19 INFO  .:166 - In Test Scenario ModifyUser the method createUser execution status is :Pass
2021-01-24 14:22:19 INFO  .:88 - The execution of method modifyUser started here ...
2021-01-24 14:22:28 INFO  .:108 - The execution of method modifyUser ended here ...
2021-01-24 14:22:29 INFO  .:166 - In Test Scenario ModifyUser the method modifyUser execution status is :Fail
2021-01-24 14:22:29 INFO  .:133 - The execution of method deleteUser started here ...
2021-01-24 14:22:38 INFO  .:149 - The execution of method deleteUser ended here ...
2021-01-24 14:22:38 INFO  .:166 - In Test Scenario ModifyUser the method deleteUser execution status is :Pass
2021-01-24 14:22:38 INFO  .:76 - The execution of method logout started here ...
2021-01-24 14:22:43 INFO  .:88 - The execution of method logout ended here ...
2021-01-24 14:22:43 INFO  .:166 - In Test Scenario ModifyUser the method logout execution status is :Pass
2021-01-24 14:22:43 INFO  .:121 - The execution of method closeApplication started here ...
2021-01-24 14:22:46 INFO  .:124 - The execution of method closeApplication ended here ...
2021-01-24 14:22:46 INFO  .:166 - In Test Scenario ModifyUser the method closeApplication execution status is :Pass
2021-01-24 14:22:46 INFO  .:180 - +++++++++++++++++++++++++++++++
2021-01-24 14:22:47 INFO  .:180 - +++++++++++++++++++++++++++++++
2021-01-24 14:22:47 INFO  .:180 - +++++++++++++++++++++++++++++++
2021-01-24 14:22:47 INFO  .:180 - +++++++++++++++++++++++++++++++
2021-01-24 14:22:47 INFO  .:180 - +++++++++++++++++++++++++++++++
2021-01-24 14:22:47 INFO  .:183 - The execution of method executeTestScenarios ended here ...
2021-01-24 14:22:47 INFO  .:205 - The execution of method endAutomationSuite ended here ...
2021-01-24 14:22:47 INFO  .:208 - The execution of method endAutomationSuite ended here ...
